<?xml version="1.0" encoding="UTF-8"?>
<testng-results ignored="0" total="3" passed="3" failed="0" skipped="0">
  <reporter-output>
  </reporter-output>
  <suite started-at="2024-03-24T22:34:56 IST" name="Default suite" finished-at="2024-03-24T22:36:24 IST" duration-ms="87636">
    <groups>
      <group name="cucumber">
        <method signature="AbstractTestNGCucumberTests.runScenario(io.cucumber.testng.PickleWrapper,io.cucumber.testng.FeatureWrapper)[pri:0, instance:testRunnerFile.TestRunner@6025e1b6]" name="runScenario" class="io.cucumber.testng.AbstractTestNGCucumberTests"/>
      </group> <!-- cucumber -->
    </groups>
    <test started-at="2024-03-24T22:34:56 IST" name="Default test" finished-at="2024-03-24T22:36:24 IST" duration-ms="87636">
      <class name="testRunnerFile.TestRunner">
        <test-method is-config="true" signature="setUpClass(org.testng.ITestContext)[pri:0, instance:testRunnerFile.TestRunner@6025e1b6]" started-at="2024-03-24T22:34:56 IST" name="setUpClass" finished-at="2024-03-24T22:34:59 IST" duration-ms="2493" status="PASS">
          <params>
            <param index="0">
              <value>
                <![CDATA[org.testng.TestRunner@3078cac]]>
              </value>
            </param>
          </params>
          <reporter-output>
          </reporter-output>
        </test-method> <!-- setUpClass -->
        <test-method signature="runScenario(io.cucumber.testng.PickleWrapper,io.cucumber.testng.FeatureWrapper)[pri:0, instance:testRunnerFile.TestRunner@6025e1b6]" started-at="2024-03-24T22:34:59 IST" name="runScenario" description="Runs Cucumber Scenarios" data-provider="scenarios" finished-at="2024-03-24T22:35:29 IST" duration-ms="29870" status="PASS">
          <params>
            <param index="0">
              <value>
                <![CDATA["Complete order process with valid credentials"]]>
              </value>
            </param>
            <param index="1">
              <value>
                <![CDATA["Swag labs complete order process"]]>
              </value>
            </param>
          </params>
          <reporter-output>
          </reporter-output>
        </test-method> <!-- runScenario -->
        <test-method signature="runScenario(io.cucumber.testng.PickleWrapper,io.cucumber.testng.FeatureWrapper)[pri:0, instance:testRunnerFile.TestRunner@6025e1b6]" started-at="2024-03-24T22:35:29 IST" name="runScenario" description="Runs Cucumber Scenarios" data-provider="scenarios" finished-at="2024-03-24T22:35:53 IST" duration-ms="24587" status="PASS">
          <params>
            <param index="0">
              <value>
                <![CDATA["Complete order process with valid credentials"]]>
              </value>
            </param>
            <param index="1">
              <value>
                <![CDATA["Swag labs complete order process"]]>
              </value>
            </param>
          </params>
          <reporter-output>
          </reporter-output>
        </test-method> <!-- runScenario -->
        <test-method signature="runScenario(io.cucumber.testng.PickleWrapper,io.cucumber.testng.FeatureWrapper)[pri:0, instance:testRunnerFile.TestRunner@6025e1b6]" started-at="2024-03-24T22:35:53 IST" name="runScenario" description="Runs Cucumber Scenarios" data-provider="scenarios" finished-at="2024-03-24T22:36:24 IST" duration-ms="30306" status="PASS">
          <params>
            <param index="0">
              <value>
                <![CDATA["Complete order process with valid credentials"]]>
              </value>
            </param>
            <param index="1">
              <value>
                <![CDATA["Swag labs complete order process"]]>
              </value>
            </param>
          </params>
          <reporter-output>
          </reporter-output>
        </test-method> <!-- runScenario -->
        <test-method is-config="true" signature="tearDownClass()[pri:0, instance:testRunnerFile.TestRunner@6025e1b6]" started-at="2024-03-24T22:36:24 IST" name="tearDownClass" finished-at="2024-03-24T22:36:24 IST" duration-ms="168" status="PASS">
          <reporter-output>
          </reporter-output>
        </test-method> <!-- tearDownClass -->
      </class> <!-- testRunnerFile.TestRunner -->
    </test> <!-- Default test -->
  </suite> <!-- Default suite -->
</testng-results>
